<?xml version="1.0" encoding="UTF-8"?>
<testng-results ignored="0" total="1" passed="1" failed="0" skipped="0">
  <reporter-output>
  </reporter-output>
  <suite started-at="2023-03-09T12:23:01 IST" name="Default suite" finished-at="2023-03-09T12:23:38 IST" duration-ms="37042">
    <groups>
    </groups>
    <test started-at="2023-03-09T12:23:01 IST" name="Default test" finished-at="2023-03-09T12:23:38 IST" duration-ms="37042">
      <class name="TestCaseScripts.RegistrationTest">
        <test-method is-config="true" signature="StartApplication()[pri:0, instance:TestCaseScripts.RegistrationTest@1a6d8329]" started-at="2023-03-09T12:23:01 IST" name="StartApplication" finished-at="2023-03-09T12:23:16 IST" duration-ms="15056" status="PASS">
          <reporter-output>
          </reporter-output>
        </test-method> <!-- StartApplication -->
        <test-method signature="register()[pri:0, instance:TestCaseScripts.RegistrationTest@1a6d8329]" started-at="2023-03-09T12:23:16 IST" name="register" finished-at="2023-03-09T12:23:37 IST" duration-ms="21465" status="PASS">
          <reporter-output>
          </reporter-output>
        </test-method> <!-- register -->
        <test-method is-config="true" signature="quitBrowser()[pri:0, instance:TestCaseScripts.RegistrationTest@1a6d8329]" started-at="2023-03-09T12:23:37 IST" name="quitBrowser" finished-at="2023-03-09T12:23:38 IST" duration-ms="467" status="PASS">
          <reporter-output>
          </reporter-output>
        </test-method> <!-- quitBrowser -->
      </class> <!-- TestCaseScripts.RegistrationTest -->
    </test> <!-- Default test -->
  </suite> <!-- Default suite -->
</testng-results>
